/*C163*/SET SCHEMA PUBLIC
DISCONNECT
/*C164*/SET SCHEMA PUBLIC
DISCONNECT
/*C165*/SET SCHEMA PUBLIC
DISCONNECT
/*C166*/SET SCHEMA PUBLIC
DISCONNECT
/*C167*/SET SCHEMA PUBLIC
DELETE FROM CUSTOMER WHERE ID=0
DELETE FROM CUSTOMER WHERE ID=1
DELETE FROM CUSTOMER WHERE ID=2
DELETE FROM CUSTOMER WHERE ID=3
DELETE FROM CUSTOMER WHERE ID=4
DELETE FROM CUSTOMER WHERE ID=5
DELETE FROM CUSTOMER WHERE ID=6
DELETE FROM CUSTOMER WHERE ID=7
DELETE FROM CUSTOMER WHERE ID=8
DELETE FROM CUSTOMER WHERE ID=9
DELETE FROM CUSTOMER WHERE ID=10
DELETE FROM CUSTOMER WHERE ID=11
DELETE FROM CUSTOMER WHERE ID=12
DELETE FROM CUSTOMER WHERE ID=13
DELETE FROM CUSTOMER WHERE ID=14
DELETE FROM CUSTOMER WHERE ID=15
DELETE FROM CUSTOMER WHERE ID=16
DELETE FROM CUSTOMER WHERE ID=17
DELETE FROM CUSTOMER WHERE ID=18
DELETE FROM CUSTOMER WHERE ID=19
DELETE FROM CUSTOMER WHERE ID=20
DELETE FROM CUSTOMER WHERE ID=21
DELETE FROM CUSTOMER WHERE ID=22
DELETE FROM CUSTOMER WHERE ID=23
DELETE FROM CUSTOMER WHERE ID=24
DELETE FROM CUSTOMER WHERE ID=25
DELETE FROM CUSTOMER WHERE ID=26
DELETE FROM CUSTOMER WHERE ID=27
DELETE FROM CUSTOMER WHERE ID=28
DELETE FROM CUSTOMER WHERE ID=29
DELETE FROM CUSTOMER WHERE ID=30
DELETE FROM CUSTOMER WHERE ID=31
DELETE FROM CUSTOMER WHERE ID=32
DELETE FROM CUSTOMER WHERE ID=33
DELETE FROM CUSTOMER WHERE ID=34
DELETE FROM CUSTOMER WHERE ID=35
DELETE FROM CUSTOMER WHERE ID=36
DELETE FROM CUSTOMER WHERE ID=37
DELETE FROM CUSTOMER WHERE ID=38
DELETE FROM CUSTOMER WHERE ID=39
DELETE FROM CUSTOMER WHERE ID=40
DELETE FROM CUSTOMER WHERE ID=41
DELETE FROM CUSTOMER WHERE ID=42
DELETE FROM CUSTOMER WHERE ID=43
DELETE FROM CUSTOMER WHERE ID=44
DELETE FROM CUSTOMER WHERE ID=45
DELETE FROM CUSTOMER WHERE ID=46
DELETE FROM CUSTOMER WHERE ID=47
DELETE FROM CUSTOMER WHERE ID=48
DELETE FROM CUSTOMER WHERE ID=49
INSERT INTO CUSTOMER VALUES(0,'Laura','Steel','429 Seventh Av.','Dallasf')
INSERT INTO CUSTOMER VALUES(1,'Robert','King','267 - 20th Ave.','Seattlef')
INSERT INTO CUSTOMER VALUES(2,'Robert','Sommer','22 - 20th Ave.','Oslof')
INSERT INTO CUSTOMER VALUES(3,'Michael','Smith','455 Upland Pl.','Lyonf')
INSERT INTO CUSTOMER VALUES(4,'Bill','Fuller','363 Seventh Av.','Oslof')
INSERT INTO CUSTOMER VALUES(5,'Laura','White','127 - 20th Ave.','Dallasf')
INSERT INTO CUSTOMER VALUES(6,'Robert','King','550 Seventh Av.','Palo Altof')
INSERT INTO CUSTOMER VALUES(7,'Susanne','Clancy','138 Seventh Av.','Parisf')
INSERT INTO CUSTOMER VALUES(8,'Bob','Heiniger','226 - 20th Ave.','Dallasf')
INSERT INTO CUSTOMER VALUES(9,'Robert','Ott','2 - 20th Ave.','Seattlef')
INSERT INTO CUSTOMER VALUES(10,'Anne','Smith','125 - 20th Ave.','Parisf')
INSERT INTO CUSTOMER VALUES(11,'Susanne','Karsen','53 Seventh Av.','New Yorkf')
INSERT INTO CUSTOMER VALUES(12,'John','Peterson','41 Upland Pl.','Chicagof')
INSERT INTO CUSTOMER VALUES(13,'Michael','Clancy','542 Upland Pl.','San Franciscof')
INSERT INTO CUSTOMER VALUES(14,'James','King','268 Upland Pl.','Dallasf')
INSERT INTO CUSTOMER VALUES(15,'Anne','Fuller','257 College Av.','Oltenf')
INSERT INTO CUSTOMER VALUES(16,'Robert','Schneider','255 Upland Pl.','Oltenf')
INSERT INTO CUSTOMER VALUES(17,'George','King','116 College Av.','Seattlef')
INSERT INTO CUSTOMER VALUES(18,'Sylvia','Clancy','271 Seventh Av.','Oslof')
INSERT INTO CUSTOMER VALUES(19,'Janet','Peterson','297 College Av.','San Franciscof')
INSERT INTO CUSTOMER VALUES(20,'Bob','Clancy','3 College Av.','Lyonf')
INSERT INTO CUSTOMER VALUES(21,'Susanne','Ott','240 Upland Pl.','San Franciscof')
INSERT INTO CUSTOMER VALUES(22,'John','Steel','352 Upland Pl.','Seattlef')
INSERT INTO CUSTOMER VALUES(23,'Andrew','Ott','326 - 20th Ave.','Palo Altof')
INSERT INTO CUSTOMER VALUES(24,'Susanne','Clancy','366 Seventh Av.','Oslof')
INSERT INTO CUSTOMER VALUES(25,'Bob','Karsen','346 Seventh Av.','New Yorkf')
INSERT INTO CUSTOMER VALUES(26,'Sylvia','Heiniger','174 - 20th Ave.','Bostonf')
INSERT INTO CUSTOMER VALUES(27,'Janet','Sommer','481 College Av.','Bostonf')
INSERT INTO CUSTOMER VALUES(28,'Sylvia','May','427 - 20th Ave.','Bostonf')
INSERT INTO CUSTOMER VALUES(29,'Sylvia','Heiniger','385 Seventh Av.','Palo Altof')
INSERT INTO CUSTOMER VALUES(30,'Julia','King','321 Seventh Av.','Dallasf')
INSERT INTO CUSTOMER VALUES(31,'Anne','Miller','239 Upland Pl.','New Yorkf')
INSERT INTO CUSTOMER VALUES(32,'Susanne','Peterson','159 Seventh Av.','Parisf')
INSERT INTO CUSTOMER VALUES(33,'Michael','Heiniger','124 Seventh Av.','Oslof')
INSERT INTO CUSTOMER VALUES(34,'John','Steel','82 - 20th Ave.','Seattlef')
INSERT INTO CUSTOMER VALUES(35,'Sylvia','White','54 Upland Pl.','Bernef')
INSERT INTO CUSTOMER VALUES(36,'George','King','325 Seventh Av.','San Franciscof')
INSERT INTO CUSTOMER VALUES(37,'Michael','Heiniger','320 Seventh Av.','Lyonf')
INSERT INTO CUSTOMER VALUES(38,'Andrew','Ringer','62 Upland Pl.','Dallasf')
INSERT INTO CUSTOMER VALUES(39,'Robert','Schneider','191 Seventh Av.','Dallasf')
INSERT INTO CUSTOMER VALUES(40,'John','Clancy','366 Seventh Av.','Oslof')
INSERT INTO CUSTOMER VALUES(41,'Julia','Karsen','490 College Av.','Bernef')
INSERT INTO CUSTOMER VALUES(42,'Julia','May','216 College Av.','Bernef')
INSERT INTO CUSTOMER VALUES(43,'Anne','Ringer','69 - 20th Ave.','Palo Altof')
INSERT INTO CUSTOMER VALUES(44,'Andrew','Ott','158 - 20th Ave.','New Yorkf')
INSERT INTO CUSTOMER VALUES(45,'James','Karsen','368 Seventh Av.','New Yorkf')
INSERT INTO CUSTOMER VALUES(46,'Andrew','Smith','527 Seventh Av.','San Franciscof')
INSERT INTO CUSTOMER VALUES(47,'James','Karsen','517 Upland Pl.','Seattlef')
INSERT INTO CUSTOMER VALUES(48,'Bob','Schneider','270 Upland Pl.','Bernef')
INSERT INTO CUSTOMER VALUES(49,'Robert','Steel','242 Upland Pl.','Lyonf')
COMMIT
/*C168*/SET SCHEMA PUBLIC
DISCONNECT
/*C169*/SET SCHEMA PUBLIC
DISCONNECT
/*C170*/SET SCHEMA PUBLIC
DISCONNECT
/*C167*/DELETE FROM CUSTOMER WHERE ID=0
DELETE FROM CUSTOMER WHERE ID=1
DELETE FROM CUSTOMER WHERE ID=2
DELETE FROM CUSTOMER WHERE ID=3
DELETE FROM CUSTOMER WHERE ID=4
DELETE FROM CUSTOMER WHERE ID=5
DELETE FROM CUSTOMER WHERE ID=6
DELETE FROM CUSTOMER WHERE ID=7
DELETE FROM CUSTOMER WHERE ID=8
DELETE FROM CUSTOMER WHERE ID=9
DELETE FROM CUSTOMER WHERE ID=10
DELETE FROM CUSTOMER WHERE ID=11
DELETE FROM CUSTOMER WHERE ID=12
DELETE FROM CUSTOMER WHERE ID=13
DELETE FROM CUSTOMER WHERE ID=14
DELETE FROM CUSTOMER WHERE ID=15
DELETE FROM CUSTOMER WHERE ID=16
DELETE FROM CUSTOMER WHERE ID=17
DELETE FROM CUSTOMER WHERE ID=18
DELETE FROM CUSTOMER WHERE ID=19
DELETE FROM CUSTOMER WHERE ID=20
DELETE FROM CUSTOMER WHERE ID=21
DELETE FROM CUSTOMER WHERE ID=22
DELETE FROM CUSTOMER WHERE ID=23
DELETE FROM CUSTOMER WHERE ID=24
DELETE FROM CUSTOMER WHERE ID=25
DELETE FROM CUSTOMER WHERE ID=26
DELETE FROM CUSTOMER WHERE ID=27
DELETE FROM CUSTOMER WHERE ID=28
DELETE FROM CUSTOMER WHERE ID=29
DELETE FROM CUSTOMER WHERE ID=30
DELETE FROM CUSTOMER WHERE ID=31
DELETE FROM CUSTOMER WHERE ID=32
DELETE FROM CUSTOMER WHERE ID=33
DELETE FROM CUSTOMER WHERE ID=34
DELETE FROM CUSTOMER WHERE ID=35
DELETE FROM CUSTOMER WHERE ID=36
DELETE FROM CUSTOMER WHERE ID=37
DELETE FROM CUSTOMER WHERE ID=38
DELETE FROM CUSTOMER WHERE ID=39
DELETE FROM CUSTOMER WHERE ID=40
DELETE FROM CUSTOMER WHERE ID=41
DELETE FROM CUSTOMER WHERE ID=42
DELETE FROM CUSTOMER WHERE ID=43
DELETE FROM CUSTOMER WHERE ID=44
DELETE FROM CUSTOMER WHERE ID=45
DELETE FROM CUSTOMER WHERE ID=46
DELETE FROM CUSTOMER WHERE ID=47
DELETE FROM CUSTOMER WHERE ID=48
DELETE FROM CUSTOMER WHERE ID=49
DELETE FROM INVOICE WHERE ID=1
DELETE FROM ITEM WHERE INVOICEID=1 AND ITEM=0
DELETE FROM ITEM WHERE INVOICEID=1 AND ITEM=1
DELETE FROM ITEM WHERE INVOICEID=1 AND ITEM=2
DELETE FROM ITEM WHERE INVOICEID=1 AND ITEM=3
DELETE FROM ITEM WHERE INVOICEID=1 AND ITEM=4
DELETE FROM ITEM WHERE INVOICEID=1 AND ITEM=5
DELETE FROM ITEM WHERE INVOICEID=1 AND ITEM=6
DELETE FROM ITEM WHERE INVOICEID=1 AND ITEM=7
DELETE FROM ITEM WHERE INVOICEID=1 AND ITEM=8
DELETE FROM ITEM WHERE INVOICEID=1 AND ITEM=9
DELETE FROM ITEM WHERE INVOICEID=1 AND ITEM=10
DELETE FROM ITEM WHERE INVOICEID=1 AND ITEM=11
DELETE FROM ITEM WHERE INVOICEID=1 AND ITEM=12
DELETE FROM INVOICE WHERE ID=13
DELETE FROM ITEM WHERE INVOICEID=13 AND ITEM=0
DELETE FROM ITEM WHERE INVOICEID=13 AND ITEM=1
DELETE FROM ITEM WHERE INVOICEID=13 AND ITEM=2
DELETE FROM ITEM WHERE INVOICEID=13 AND ITEM=3
DELETE FROM ITEM WHERE INVOICEID=13 AND ITEM=4
DELETE FROM ITEM WHERE INVOICEID=13 AND ITEM=5
DELETE FROM ITEM WHERE INVOICEID=13 AND ITEM=6
DELETE FROM ITEM WHERE INVOICEID=13 AND ITEM=7
DELETE FROM ITEM WHERE INVOICEID=13 AND ITEM=8
DELETE FROM ITEM WHERE INVOICEID=13 AND ITEM=9
DELETE FROM ITEM WHERE INVOICEID=13 AND ITEM=10
DELETE FROM ITEM WHERE INVOICEID=13 AND ITEM=11
DELETE FROM ITEM WHERE INVOICEID=13 AND ITEM=12
DELETE FROM ITEM WHERE INVOICEID=13 AND ITEM=13
DELETE FROM ITEM WHERE INVOICEID=13 AND ITEM=14
DELETE FROM ITEM WHERE INVOICEID=13 AND ITEM=15
DELETE FROM INVOICE WHERE ID=36
DELETE FROM ITEM WHERE INVOICEID=36 AND ITEM=0
DELETE FROM ITEM WHERE INVOICEID=36 AND ITEM=1
DELETE FROM ITEM WHERE INVOICEID=36 AND ITEM=2
DELETE FROM ITEM WHERE INVOICEID=36 AND ITEM=3
DELETE FROM ITEM WHERE INVOICEID=36 AND ITEM=4
DELETE FROM ITEM WHERE INVOICEID=36 AND ITEM=5
DELETE FROM ITEM WHERE INVOICEID=36 AND ITEM=6
DELETE FROM ITEM WHERE INVOICEID=36 AND ITEM=7
DELETE FROM ITEM WHERE INVOICEID=36 AND ITEM=8
DELETE FROM ITEM WHERE INVOICEID=36 AND ITEM=9
DELETE FROM ITEM WHERE INVOICEID=36 AND ITEM=10
DELETE FROM ITEM WHERE INVOICEID=36 AND ITEM=11
DELETE FROM ITEM WHERE INVOICEID=36 AND ITEM=12
DELETE FROM ITEM WHERE INVOICEID=36 AND ITEM=13
DELETE FROM ITEM WHERE INVOICEID=36 AND ITEM=14
DELETE FROM ITEM WHERE INVOICEID=36 AND ITEM=15
DELETE FROM INVOICE WHERE ID=27
DELETE FROM ITEM WHERE INVOICEID=27 AND ITEM=0
DELETE FROM ITEM WHERE INVOICEID=27 AND ITEM=1
DELETE FROM ITEM WHERE INVOICEID=27 AND ITEM=2
DELETE FROM ITEM WHERE INVOICEID=27 AND ITEM=3
DELETE FROM ITEM WHERE INVOICEID=27 AND ITEM=4
DELETE FROM ITEM WHERE INVOICEID=27 AND ITEM=5
DELETE FROM ITEM WHERE INVOICEID=27 AND ITEM=6
DELETE FROM ITEM WHERE INVOICEID=27 AND ITEM=7
DELETE FROM ITEM WHERE INVOICEID=27 AND ITEM=8
DELETE FROM ITEM WHERE INVOICEID=27 AND ITEM=9
DELETE FROM ITEM WHERE INVOICEID=27 AND ITEM=10
DELETE FROM ITEM WHERE INVOICEID=27 AND ITEM=11
DELETE FROM ITEM WHERE INVOICEID=27 AND ITEM=12
DELETE FROM ITEM WHERE INVOICEID=27 AND ITEM=13
DELETE FROM ITEM WHERE INVOICEID=27 AND ITEM=14
DELETE FROM ITEM WHERE INVOICEID=27 AND ITEM=15
DELETE FROM INVOICE WHERE ID=12
DELETE FROM ITEM WHERE INVOICEID=12 AND ITEM=0
DELETE FROM ITEM WHERE INVOICEID=12 AND ITEM=1
DELETE FROM ITEM WHERE INVOICEID=12 AND ITEM=2
DELETE FROM ITEM WHERE INVOICEID=12 AND ITEM=3
DELETE FROM ITEM WHERE INVOICEID=12 AND ITEM=4
DELETE FROM ITEM WHERE INVOICEID=12 AND ITEM=5
DELETE FROM ITEM WHERE INVOICEID=12 AND ITEM=6
DELETE FROM ITEM WHERE INVOICEID=12 AND ITEM=7
DELETE FROM ITEM WHERE INVOICEID=12 AND ITEM=8
DELETE FROM ITEM WHERE INVOICEID=12 AND ITEM=9
DELETE FROM ITEM WHERE INVOICEID=12 AND ITEM=10
DELETE FROM ITEM WHERE INVOICEID=12 AND ITEM=11
DELETE FROM ITEM WHERE INVOICEID=12 AND ITEM=12
DELETE FROM ITEM WHERE INVOICEID=12 AND ITEM=13
DELETE FROM ITEM WHERE INVOICEID=12 AND ITEM=14
DELETE FROM ITEM WHERE INVOICEID=12 AND ITEM=15
DELETE FROM ITEM WHERE INVOICEID=12 AND ITEM=16
DELETE FROM ITEM WHERE INVOICEID=12 AND ITEM=17
DELETE FROM ITEM WHERE INVOICEID=12 AND ITEM=18
DELETE FROM INVOICE WHERE ID=37
DELETE FROM ITEM WHERE INVOICEID=37 AND ITEM=0
DELETE FROM ITEM WHERE INVOICEID=37 AND ITEM=1
DELETE FROM ITEM WHERE INVOICEID=37 AND ITEM=2
DELETE FROM ITEM WHERE INVOICEID=37 AND ITEM=3
DELETE FROM INVOICE WHERE ID=23
DELETE FROM ITEM WHERE INVOICEID=23 AND ITEM=0
DELETE FROM ITEM WHERE INVOICEID=23 AND ITEM=1
DELETE FROM ITEM WHERE INVOICEID=23 AND ITEM=2
DELETE FROM ITEM WHERE INVOICEID=23 AND ITEM=3
DELETE FROM ITEM WHERE INVOICEID=23 AND ITEM=4
DELETE FROM ITEM WHERE INVOICEID=23 AND ITEM=5
DELETE FROM ITEM WHERE INVOICEID=23 AND ITEM=6
DELETE FROM ITEM WHERE INVOICEID=23 AND ITEM=7
DELETE FROM ITEM WHERE INVOICEID=23 AND ITEM=8
DELETE FROM ITEM WHERE INVOICEID=23 AND ITEM=9
DELETE FROM ITEM WHERE INVOICEID=23 AND ITEM=10
DELETE FROM ITEM WHERE INVOICEID=23 AND ITEM=11
DELETE FROM ITEM WHERE INVOICEID=23 AND ITEM=12
DELETE FROM ITEM WHERE INVOICEID=23 AND ITEM=13
DELETE FROM ITEM WHERE INVOICEID=23 AND ITEM=14
DELETE FROM ITEM WHERE INVOICEID=23 AND ITEM=15
DELETE FROM ITEM WHERE INVOICEID=23 AND ITEM=16
DELETE FROM INVOICE WHERE ID=9
DELETE FROM ITEM WHERE INVOICEID=9 AND ITEM=0
DELETE FROM ITEM WHERE INVOICEID=9 AND ITEM=1
DELETE FROM ITEM WHERE INVOICEID=9 AND ITEM=2
DELETE FROM INVOICE WHERE ID=11
DELETE FROM ITEM WHERE INVOICEID=11 AND ITEM=0
DELETE FROM ITEM WHERE INVOICEID=11 AND ITEM=1
DELETE FROM ITEM WHERE INVOICEID=11 AND ITEM=2
DELETE FROM ITEM WHERE INVOICEID=11 AND ITEM=3
DELETE FROM ITEM WHERE INVOICEID=11 AND ITEM=4
DELETE FROM ITEM WHERE INVOICEID=11 AND ITEM=5
DELETE FROM ITEM WHERE INVOICEID=11 AND ITEM=6
DELETE FROM ITEM WHERE INVOICEID=11 AND ITEM=7
DELETE FROM ITEM WHERE INVOICEID=11 AND ITEM=8
DELETE FROM ITEM WHERE INVOICEID=11 AND ITEM=9
DELETE FROM ITEM WHERE INVOICEID=11 AND ITEM=10
DELETE FROM ITEM WHERE INVOICEID=11 AND ITEM=11
DELETE FROM ITEM WHERE INVOICEID=11 AND ITEM=12
DELETE FROM INVOICE WHERE ID=33
DELETE FROM ITEM WHERE INVOICEID=33 AND ITEM=0
DELETE FROM ITEM WHERE INVOICEID=33 AND ITEM=1
DELETE FROM ITEM WHERE INVOICEID=33 AND ITEM=2
DELETE FROM ITEM WHERE INVOICEID=33 AND ITEM=3
DELETE FROM ITEM WHERE INVOICEID=33 AND ITEM=4
DELETE FROM ITEM WHERE INVOICEID=33 AND ITEM=5
DELETE FROM INVOICE WHERE ID=38
DELETE FROM ITEM WHERE INVOICEID=38 AND ITEM=0
DELETE FROM ITEM WHERE INVOICEID=38 AND ITEM=1
DELETE FROM ITEM WHERE INVOICEID=38 AND ITEM=2
DELETE FROM ITEM WHERE INVOICEID=38 AND ITEM=3
DELETE FROM ITEM WHERE INVOICEID=38 AND ITEM=4
DELETE FROM ITEM WHERE INVOICEID=38 AND ITEM=5
DELETE FROM ITEM WHERE INVOICEID=38 AND ITEM=6
DELETE FROM ITEM WHERE INVOICEID=38 AND ITEM=7
DELETE FROM ITEM WHERE INVOICEID=38 AND ITEM=8
DELETE FROM ITEM WHERE INVOICEID=38 AND ITEM=9
DELETE FROM ITEM WHERE INVOICEID=38 AND ITEM=10
DELETE FROM ITEM WHERE INVOICEID=38 AND ITEM=11
DELETE FROM ITEM WHERE INVOICEID=38 AND ITEM=12
DELETE FROM ITEM WHERE INVOICEID=38 AND ITEM=13
DELETE FROM ITEM WHERE INVOICEID=38 AND ITEM=14
DELETE FROM ITEM WHERE INVOICEID=38 AND ITEM=15
DELETE FROM ITEM WHERE INVOICEID=38 AND ITEM=16
DELETE FROM ITEM WHERE INVOICEID=38 AND ITEM=17
DELETE FROM ITEM WHERE INVOICEID=38 AND ITEM=18
DELETE FROM ITEM WHERE INVOICEID=38 AND ITEM=19
DELETE FROM INVOICE WHERE ID=49
DELETE FROM ITEM WHERE INVOICEID=49 AND ITEM=0
DELETE FROM ITEM WHERE INVOICEID=49 AND ITEM=1
DELETE FROM ITEM WHERE INVOICEID=49 AND ITEM=2
DELETE FROM ITEM WHERE INVOICEID=49 AND ITEM=3
DELETE FROM ITEM WHERE INVOICEID=49 AND ITEM=4
DELETE FROM ITEM WHERE INVOICEID=49 AND ITEM=5
DELETE FROM ITEM WHERE INVOICEID=49 AND ITEM=6
DELETE FROM ITEM WHERE INVOICEID=49 AND ITEM=7
DELETE FROM ITEM WHERE INVOICEID=49 AND ITEM=8
DELETE FROM ITEM WHERE INVOICEID=49 AND ITEM=9
DELETE FROM ITEM WHERE INVOICEID=49 AND ITEM=10
DELETE FROM ITEM WHERE INVOICEID=49 AND ITEM=11
DELETE FROM ITEM WHERE INVOICEID=49 AND ITEM=12
DELETE FROM ITEM WHERE INVOICEID=49 AND ITEM=13
DELETE FROM ITEM WHERE INVOICEID=49 AND ITEM=14
DELETE FROM ITEM WHERE INVOICEID=49 AND ITEM=15
DELETE FROM ITEM WHERE INVOICEID=49 AND ITEM=16
DELETE FROM ITEM WHERE INVOICEID=49 AND ITEM=17
DELETE FROM ITEM WHERE INVOICEID=49 AND ITEM=18
DELETE FROM ITEM WHERE INVOICEID=49 AND ITEM=19
DELETE FROM ITEM WHERE INVOICEID=49 AND ITEM=20
DELETE FROM ITEM WHERE INVOICEID=49 AND ITEM=21
DELETE FROM INVOICE WHERE ID=14
DELETE FROM ITEM WHERE INVOICEID=14 AND ITEM=0
DELETE FROM ITEM WHERE INVOICEID=14 AND ITEM=1
DELETE FROM ITEM WHERE INVOICEID=14 AND ITEM=2
DELETE FROM ITEM WHERE INVOICEID=14 AND ITEM=3
DELETE FROM ITEM WHERE INVOICEID=14 AND ITEM=4
DELETE FROM ITEM WHERE INVOICEID=14 AND ITEM=5
DELETE FROM ITEM WHERE INVOICEID=14 AND ITEM=6
DELETE FROM ITEM WHERE INVOICEID=14 AND ITEM=7
DELETE FROM ITEM WHERE INVOICEID=14 AND ITEM=8
DELETE FROM ITEM WHERE INVOICEID=14 AND ITEM=9
DELETE FROM INVOICE WHERE ID=17
DELETE FROM ITEM WHERE INVOICEID=17 AND ITEM=0
DELETE FROM ITEM WHERE INVOICEID=17 AND ITEM=1
DELETE FROM ITEM WHERE INVOICEID=17 AND ITEM=2
DELETE FROM ITEM WHERE INVOICEID=17 AND ITEM=3
DELETE FROM ITEM WHERE INVOICEID=17 AND ITEM=4
DELETE FROM ITEM WHERE INVOICEID=17 AND ITEM=5
DELETE FROM ITEM WHERE INVOICEID=17 AND ITEM=6
DELETE FROM ITEM WHERE INVOICEID=17 AND ITEM=7
DELETE FROM ITEM WHERE INVOICEID=17 AND ITEM=8
DELETE FROM ITEM WHERE INVOICEID=17 AND ITEM=9
DELETE FROM ITEM WHERE INVOICEID=17 AND ITEM=10
DELETE FROM ITEM WHERE INVOICEID=17 AND ITEM=11
DELETE FROM ITEM WHERE INVOICEID=17 AND ITEM=12
DELETE FROM ITEM WHERE INVOICEID=17 AND ITEM=13
DELETE FROM ITEM WHERE INVOICEID=17 AND ITEM=14
DELETE FROM ITEM WHERE INVOICEID=17 AND ITEM=15
DELETE FROM ITEM WHERE INVOICEID=17 AND ITEM=16
DELETE FROM ITEM WHERE INVOICEID=17 AND ITEM=17
DELETE FROM INVOICE WHERE ID=26
DELETE FROM ITEM WHERE INVOICEID=26 AND ITEM=0
DELETE FROM ITEM WHERE INVOICEID=26 AND ITEM=1
DELETE FROM ITEM WHERE INVOICEID=26 AND ITEM=2
DELETE FROM ITEM WHERE INVOICEID=26 AND ITEM=3
DELETE FROM ITEM WHERE INVOICEID=26 AND ITEM=4
DELETE FROM ITEM WHERE INVOICEID=26 AND ITEM=5
DELETE FROM ITEM WHERE INVOICEID=26 AND ITEM=6
DELETE FROM ITEM WHERE INVOICEID=26 AND ITEM=7
DELETE FROM ITEM WHERE INVOICEID=26 AND ITEM=8
DELETE FROM ITEM WHERE INVOICEID=26 AND ITEM=9
DELETE FROM ITEM WHERE INVOICEID=26 AND ITEM=10
DELETE FROM ITEM WHERE INVOICEID=26 AND ITEM=11
DELETE FROM INVOICE WHERE ID=32
DELETE FROM ITEM WHERE INVOICEID=32 AND ITEM=0
DELETE FROM ITEM WHERE INVOICEID=32 AND ITEM=1
DELETE FROM ITEM WHERE INVOICEID=32 AND ITEM=2
DELETE FROM ITEM WHERE INVOICEID=32 AND ITEM=3
DELETE FROM ITEM WHERE INVOICEID=32 AND ITEM=4
DELETE FROM ITEM WHERE INVOICEID=32 AND ITEM=5
DELETE FROM ITEM WHERE INVOICEID=32 AND ITEM=6
DELETE FROM ITEM WHERE INVOICEID=32 AND ITEM=7
DELETE FROM ITEM WHERE INVOICEID=32 AND ITEM=8
DELETE FROM INVOICE WHERE ID=2
DELETE FROM ITEM WHERE INVOICEID=2 AND ITEM=0
DELETE FROM ITEM WHERE INVOICEID=2 AND ITEM=1
DELETE FROM ITEM WHERE INVOICEID=2 AND ITEM=2
DELETE FROM ITEM WHERE INVOICEID=2 AND ITEM=3
DELETE FROM ITEM WHERE INVOICEID=2 AND ITEM=4
DELETE FROM ITEM WHERE INVOICEID=2 AND ITEM=5
DELETE FROM ITEM WHERE INVOICEID=2 AND ITEM=6
DELETE FROM ITEM WHERE INVOICEID=2 AND ITEM=7
DELETE FROM ITEM WHERE INVOICEID=2 AND ITEM=8
DELETE FROM ITEM WHERE INVOICEID=2 AND ITEM=9
DELETE FROM ITEM WHERE INVOICEID=2 AND ITEM=10
DELETE FROM ITEM WHERE INVOICEID=2 AND ITEM=11
DELETE FROM ITEM WHERE INVOICEID=2 AND ITEM=12
DELETE FROM ITEM WHERE INVOICEID=2 AND ITEM=13
DELETE FROM ITEM WHERE INVOICEID=2 AND ITEM=14
DELETE FROM ITEM WHERE INVOICEID=2 AND ITEM=15
DELETE FROM ITEM WHERE INVOICEID=2 AND ITEM=16
DELETE FROM ITEM WHERE INVOICEID=2 AND ITEM=17
DELETE FROM ITEM WHERE INVOICEID=2 AND ITEM=18
DELETE FROM ITEM WHERE INVOICEID=2 AND ITEM=19
DELETE FROM ITEM WHERE INVOICEID=2 AND ITEM=20
DELETE FROM ITEM WHERE INVOICEID=2 AND ITEM=21
DELETE FROM INVOICE WHERE ID=6
DELETE FROM ITEM WHERE INVOICEID=6 AND ITEM=0
DELETE FROM ITEM WHERE INVOICEID=6 AND ITEM=1
DELETE FROM ITEM WHERE INVOICEID=6 AND ITEM=2
DELETE FROM ITEM WHERE INVOICEID=6 AND ITEM=3
DELETE FROM ITEM WHERE INVOICEID=6 AND ITEM=4
DELETE FROM ITEM WHERE INVOICEID=6 AND ITEM=5
DELETE FROM ITEM WHERE INVOICEID=6 AND ITEM=6
DELETE FROM ITEM WHERE INVOICEID=6 AND ITEM=7
DELETE FROM ITEM WHERE INVOICEID=6 AND ITEM=8
DELETE FROM ITEM WHERE INVOICEID=6 AND ITEM=9
DELETE FROM ITEM WHERE INVOICEID=6 AND ITEM=10
DELETE FROM ITEM WHERE INVOICEID=6 AND ITEM=11
DELETE FROM ITEM WHERE INVOICEID=6 AND ITEM=12
DELETE FROM ITEM WHERE INVOICEID=6 AND ITEM=13
DELETE FROM ITEM WHERE INVOICEID=6 AND ITEM=14
DELETE FROM ITEM WHERE INVOICEID=6 AND ITEM=15
DELETE FROM ITEM WHERE INVOICEID=6 AND ITEM=16
DELETE FROM INVOICE WHERE ID=25
DELETE FROM ITEM WHERE INVOICEID=25 AND ITEM=0
DELETE FROM ITEM WHERE INVOICEID=25 AND ITEM=1
DELETE FROM ITEM WHERE INVOICEID=25 AND ITEM=2
DELETE FROM ITEM WHERE INVOICEID=25 AND ITEM=3
DELETE FROM ITEM WHERE INVOICEID=25 AND ITEM=4
DELETE FROM INVOICE WHERE ID=30
DELETE FROM ITEM WHERE INVOICEID=30 AND ITEM=0
DELETE FROM ITEM WHERE INVOICEID=30 AND ITEM=1
DELETE FROM ITEM WHERE INVOICEID=30 AND ITEM=2
DELETE FROM INVOICE WHERE ID=39
DELETE FROM ITEM WHERE INVOICEID=39 AND ITEM=0
DELETE FROM ITEM WHERE INVOICEID=39 AND ITEM=1
DELETE FROM ITEM WHERE INVOICEID=39 AND ITEM=2
DELETE FROM INVOICE WHERE ID=43
DELETE FROM ITEM WHERE INVOICEID=43 AND ITEM=0
DELETE FROM ITEM WHERE INVOICEID=43 AND ITEM=1
DELETE FROM ITEM WHERE INVOICEID=43 AND ITEM=2
DELETE FROM ITEM WHERE INVOICEID=43 AND ITEM=3
DELETE FROM ITEM WHERE INVOICEID=43 AND ITEM=4
DELETE FROM ITEM WHERE INVOICEID=43 AND ITEM=5
DELETE FROM ITEM WHERE INVOICEID=43 AND ITEM=6
DELETE FROM ITEM WHERE INVOICEID=43 AND ITEM=7
DELETE FROM ITEM WHERE INVOICEID=43 AND ITEM=8
DELETE FROM ITEM WHERE INVOICEID=43 AND ITEM=9
DELETE FROM ITEM WHERE INVOICEID=43 AND ITEM=10
DELETE FROM ITEM WHERE INVOICEID=43 AND ITEM=11
DELETE FROM ITEM WHERE INVOICEID=43 AND ITEM=12
DELETE FROM INVOICE WHERE ID=0
DELETE FROM ITEM WHERE INVOICEID=0 AND ITEM=0
DELETE FROM ITEM WHERE INVOICEID=0 AND ITEM=1
DELETE FROM ITEM WHERE INVOICEID=0 AND ITEM=2
DELETE FROM ITEM WHERE INVOICEID=0 AND ITEM=3
DELETE FROM ITEM WHERE INVOICEID=0 AND ITEM=4
DELETE FROM ITEM WHERE INVOICEID=0 AND ITEM=5
DELETE FROM ITEM WHERE INVOICEID=0 AND ITEM=6
DELETE FROM ITEM WHERE INVOICEID=0 AND ITEM=7
DELETE FROM ITEM WHERE INVOICEID=0 AND ITEM=8
DELETE FROM ITEM WHERE INVOICEID=0 AND ITEM=9
DELETE FROM ITEM WHERE INVOICEID=0 AND ITEM=10
DELETE FROM INVOICE WHERE ID=31
DELETE FROM ITEM WHERE INVOICEID=31 AND ITEM=0
DELETE FROM ITEM WHERE INVOICEID=31 AND ITEM=1
DELETE FROM ITEM WHERE INVOICEID=31 AND ITEM=2
DELETE FROM INVOICE WHERE ID=16
DELETE FROM ITEM WHERE INVOICEID=16 AND ITEM=0
DELETE FROM ITEM WHERE INVOICEID=16 AND ITEM=1
DELETE FROM ITEM WHERE INVOICEID=16 AND ITEM=2
DELETE FROM ITEM WHERE INVOICEID=16 AND ITEM=3
DELETE FROM INVOICE WHERE ID=3
DELETE FROM ITEM WHERE INVOICEID=3 AND ITEM=0
DELETE FROM ITEM WHERE INVOICEID=3 AND ITEM=1
DELETE FROM ITEM WHERE INVOICEID=3 AND ITEM=2
DELETE FROM ITEM WHERE INVOICEID=3 AND ITEM=3
DELETE FROM ITEM WHERE INVOICEID=3 AND ITEM=4
DELETE FROM INVOICE WHERE ID=48
DELETE FROM ITEM WHERE INVOICEID=48 AND ITEM=0
DELETE FROM ITEM WHERE INVOICEID=48 AND ITEM=1
DELETE FROM ITEM WHERE INVOICEID=48 AND ITEM=2
DELETE FROM ITEM WHERE INVOICEID=48 AND ITEM=3
DELETE FROM ITEM WHERE INVOICEID=48 AND ITEM=4
DELETE FROM ITEM WHERE INVOICEID=48 AND ITEM=5
DELETE FROM ITEM WHERE INVOICEID=48 AND ITEM=6
DELETE FROM ITEM WHERE INVOICEID=48 AND ITEM=7
DELETE FROM ITEM WHERE INVOICEID=48 AND ITEM=8
DELETE FROM ITEM WHERE INVOICEID=48 AND ITEM=9
DELETE FROM INVOICE WHERE ID=8
DELETE FROM ITEM WHERE INVOICEID=8 AND ITEM=0
DELETE FROM ITEM WHERE INVOICEID=8 AND ITEM=1
DELETE FROM ITEM WHERE INVOICEID=8 AND ITEM=2
DELETE FROM ITEM WHERE INVOICEID=8 AND ITEM=3
DELETE FROM ITEM WHERE INVOICEID=8 AND ITEM=4
DELETE FROM ITEM WHERE INVOICEID=8 AND ITEM=5
DELETE FROM INVOICE WHERE ID=21
DELETE FROM ITEM WHERE INVOICEID=21 AND ITEM=0
DELETE FROM ITEM WHERE INVOICEID=21 AND ITEM=1
DELETE FROM ITEM WHERE INVOICEID=21 AND ITEM=2
DELETE FROM ITEM WHERE INVOICEID=21 AND ITEM=3
DELETE FROM ITEM WHERE INVOICEID=21 AND ITEM=4
DELETE FROM ITEM WHERE INVOICEID=21 AND ITEM=5
DELETE FROM ITEM WHERE INVOICEID=21 AND ITEM=6
DELETE FROM ITEM WHERE INVOICEID=21 AND ITEM=7
DELETE FROM ITEM WHERE INVOICEID=21 AND ITEM=8
DELETE FROM ITEM WHERE INVOICEID=21 AND ITEM=9
DELETE FROM ITEM WHERE INVOICEID=21 AND ITEM=10
DELETE FROM ITEM WHERE INVOICEID=21 AND ITEM=11
DELETE FROM ITEM WHERE INVOICEID=21 AND ITEM=12
DELETE FROM ITEM WHERE INVOICEID=21 AND ITEM=13
DELETE FROM ITEM WHERE INVOICEID=21 AND ITEM=14
DELETE FROM ITEM WHERE INVOICEID=21 AND ITEM=15
DELETE FROM ITEM WHERE INVOICEID=21 AND ITEM=16
DELETE FROM INVOICE WHERE ID=46
DELETE FROM ITEM WHERE INVOICEID=46 AND ITEM=0
DELETE FROM ITEM WHERE INVOICEID=46 AND ITEM=1
DELETE FROM ITEM WHERE INVOICEID=46 AND ITEM=2
DELETE FROM ITEM WHERE INVOICEID=46 AND ITEM=3
DELETE FROM INVOICE WHERE ID=18
DELETE FROM ITEM WHERE INVOICEID=18 AND ITEM=0
DELETE FROM ITEM WHERE INVOICEID=18 AND ITEM=1
DELETE FROM ITEM WHERE INVOICEID=18 AND ITEM=2
DELETE FROM ITEM WHERE INVOICEID=18 AND ITEM=3
DELETE FROM ITEM WHERE INVOICEID=18 AND ITEM=4
DELETE FROM ITEM WHERE INVOICEID=18 AND ITEM=5
DELETE FROM ITEM WHERE INVOICEID=18 AND ITEM=6
DELETE FROM ITEM WHERE INVOICEID=18 AND ITEM=7
DELETE FROM ITEM WHERE INVOICEID=18 AND ITEM=8
DELETE FROM ITEM WHERE INVOICEID=18 AND ITEM=9
DELETE FROM ITEM WHERE INVOICEID=18 AND ITEM=10
DELETE FROM ITEM WHERE INVOICEID=18 AND ITEM=11
DELETE FROM ITEM WHERE INVOICEID=18 AND ITEM=12
DELETE FROM ITEM WHERE INVOICEID=18 AND ITEM=13
DELETE FROM ITEM WHERE INVOICEID=18 AND ITEM=14
DELETE FROM ITEM WHERE INVOICEID=18 AND ITEM=15
DELETE FROM ITEM WHERE INVOICEID=18 AND ITEM=16
DELETE FROM ITEM WHERE INVOICEID=18 AND ITEM=17
DELETE FROM ITEM WHERE INVOICEID=18 AND ITEM=18
DELETE FROM ITEM WHERE INVOICEID=18 AND ITEM=19
DELETE FROM INVOICE WHERE ID=15
DELETE FROM ITEM WHERE INVOICEID=15 AND ITEM=0
DELETE FROM ITEM WHERE INVOICEID=15 AND ITEM=1
DELETE FROM ITEM WHERE INVOICEID=15 AND ITEM=2
DELETE FROM ITEM WHERE INVOICEID=15 AND ITEM=3
DELETE FROM ITEM WHERE INVOICEID=15 AND ITEM=4
DELETE FROM ITEM WHERE INVOICEID=15 AND ITEM=5
DELETE FROM ITEM WHERE INVOICEID=15 AND ITEM=6
DELETE FROM ITEM WHERE INVOICEID=15 AND ITEM=7
DELETE FROM ITEM WHERE INVOICEID=15 AND ITEM=8
DELETE FROM ITEM WHERE INVOICEID=15 AND ITEM=9
DELETE FROM ITEM WHERE INVOICEID=15 AND ITEM=10
DELETE FROM ITEM WHERE INVOICEID=15 AND ITEM=11
DELETE FROM ITEM WHERE INVOICEID=15 AND ITEM=12
DELETE FROM ITEM WHERE INVOICEID=15 AND ITEM=13
DELETE FROM ITEM WHERE INVOICEID=15 AND ITEM=14
DELETE FROM ITEM WHERE INVOICEID=15 AND ITEM=15
DELETE FROM ITEM WHERE INVOICEID=15 AND ITEM=16
DELETE FROM ITEM WHERE INVOICEID=15 AND ITEM=17
DELETE FROM ITEM WHERE INVOICEID=15 AND ITEM=18
DELETE FROM ITEM WHERE INVOICEID=15 AND ITEM=19
DELETE FROM ITEM WHERE INVOICEID=15 AND ITEM=20
DELETE FROM ITEM WHERE INVOICEID=15 AND ITEM=21
DELETE FROM INVOICE WHERE ID=44
DELETE FROM ITEM WHERE INVOICEID=44 AND ITEM=0
DELETE FROM ITEM WHERE INVOICEID=44 AND ITEM=1
DELETE FROM ITEM WHERE INVOICEID=44 AND ITEM=2
DELETE FROM INVOICE WHERE ID=5
DELETE FROM ITEM WHERE INVOICEID=5 AND ITEM=0
DELETE FROM ITEM WHERE INVOICEID=5 AND ITEM=1
DELETE FROM ITEM WHERE INVOICEID=5 AND ITEM=2
DELETE FROM ITEM WHERE INVOICEID=5 AND ITEM=3
DELETE FROM ITEM WHERE INVOICEID=5 AND ITEM=4
DELETE FROM ITEM WHERE INVOICEID=5 AND ITEM=5
DELETE FROM ITEM WHERE INVOICEID=5 AND ITEM=6
DELETE FROM ITEM WHERE INVOICEID=5 AND ITEM=7
DELETE FROM ITEM WHERE INVOICEID=5 AND ITEM=8
DELETE FROM ITEM WHERE INVOICEID=5 AND ITEM=9
DELETE FROM ITEM WHERE INVOICEID=5 AND ITEM=10
DELETE FROM ITEM WHERE INVOICEID=5 AND ITEM=11
DELETE FROM ITEM WHERE INVOICEID=5 AND ITEM=12
DELETE FROM ITEM WHERE INVOICEID=5 AND ITEM=13
DELETE FROM INVOICE WHERE ID=19
DELETE FROM ITEM WHERE INVOICEID=19 AND ITEM=0
DELETE FROM ITEM WHERE INVOICEID=19 AND ITEM=1
DELETE FROM ITEM WHERE INVOICEID=19 AND ITEM=2
DELETE FROM ITEM WHERE INVOICEID=19 AND ITEM=3
DELETE FROM ITEM WHERE INVOICEID=19 AND ITEM=4
DELETE FROM ITEM WHERE INVOICEID=19 AND ITEM=5
DELETE FROM ITEM WHERE INVOICEID=19 AND ITEM=6
DELETE FROM ITEM WHERE INVOICEID=19 AND ITEM=7
DELETE FROM ITEM WHERE INVOICEID=19 AND ITEM=8
DELETE FROM ITEM WHERE INVOICEID=19 AND ITEM=9
DELETE FROM ITEM WHERE INVOICEID=19 AND ITEM=10
DELETE FROM ITEM WHERE INVOICEID=19 AND ITEM=11
DELETE FROM ITEM WHERE INVOICEID=19 AND ITEM=12
DELETE FROM ITEM WHERE INVOICEID=19 AND ITEM=13
DELETE FROM INVOICE WHERE ID=28
DELETE FROM ITEM WHERE INVOICEID=28 AND ITEM=0
DELETE FROM ITEM WHERE INVOICEID=28 AND ITEM=1
DELETE FROM ITEM WHERE INVOICEID=28 AND ITEM=2
DELETE FROM ITEM WHERE INVOICEID=28 AND ITEM=3
DELETE FROM ITEM WHERE INVOICEID=28 AND ITEM=4
DELETE FROM ITEM WHERE INVOICEID=28 AND ITEM=5
DELETE FROM ITEM WHERE INVOICEID=28 AND ITEM=6
DELETE FROM ITEM WHERE INVOICEID=28 AND ITEM=7
DELETE FROM ITEM WHERE INVOICEID=28 AND ITEM=8
DELETE FROM ITEM WHERE INVOICEID=28 AND ITEM=9
DELETE FROM ITEM WHERE INVOICEID=28 AND ITEM=10
DELETE FROM ITEM WHERE INVOICEID=28 AND ITEM=11
DELETE FROM ITEM WHERE INVOICEID=28 AND ITEM=12
DELETE FROM ITEM WHERE INVOICEID=28 AND ITEM=13
DELETE FROM ITEM WHERE INVOICEID=28 AND ITEM=14
DELETE FROM ITEM WHERE INVOICEID=28 AND ITEM=15
DELETE FROM ITEM WHERE INVOICEID=28 AND ITEM=16
DELETE FROM ITEM WHERE INVOICEID=28 AND ITEM=17
DELETE FROM INVOICE WHERE ID=35
DELETE FROM ITEM WHERE INVOICEID=35 AND ITEM=0
DELETE FROM ITEM WHERE INVOICEID=35 AND ITEM=1
DELETE FROM ITEM WHERE INVOICEID=35 AND ITEM=2
DELETE FROM ITEM WHERE INVOICEID=35 AND ITEM=3
DELETE FROM ITEM WHERE INVOICEID=35 AND ITEM=4
DELETE FROM ITEM WHERE INVOICEID=35 AND ITEM=5
DELETE FROM ITEM WHERE INVOICEID=35 AND ITEM=6
DELETE FROM ITEM WHERE INVOICEID=35 AND ITEM=7
DELETE FROM ITEM WHERE INVOICEID=35 AND ITEM=8
DELETE FROM ITEM WHERE INVOICEID=35 AND ITEM=9
DELETE FROM ITEM WHERE INVOICEID=35 AND ITEM=10
DELETE FROM ITEM WHERE INVOICEID=35 AND ITEM=11
DELETE FROM ITEM WHERE INVOICEID=35 AND ITEM=12
DELETE FROM ITEM WHERE INVOICEID=35 AND ITEM=13
DELETE FROM INVOICE WHERE ID=47
DELETE FROM ITEM WHERE INVOICEID=47 AND ITEM=0
DELETE FROM ITEM WHERE INVOICEID=47 AND ITEM=1
DELETE FROM ITEM WHERE INVOICEID=47 AND ITEM=2
DELETE FROM ITEM WHERE INVOICEID=47 AND ITEM=3
DELETE FROM ITEM WHERE INVOICEID=47 AND ITEM=4
DELETE FROM ITEM WHERE INVOICEID=47 AND ITEM=5
DELETE FROM ITEM WHERE INVOICEID=47 AND ITEM=6
DELETE FROM INVOICE WHERE ID=10
DELETE FROM ITEM WHERE INVOICEID=10 AND ITEM=0
DELETE FROM ITEM WHERE INVOICEID=10 AND ITEM=1
DELETE FROM ITEM WHERE INVOICEID=10 AND ITEM=2
DELETE FROM INVOICE WHERE ID=7
DELETE FROM ITEM WHERE INVOICEID=7 AND ITEM=0
DELETE FROM ITEM WHERE INVOICEID=7 AND ITEM=1
DELETE FROM ITEM WHERE INVOICEID=7 AND ITEM=2
DELETE FROM ITEM WHERE INVOICEID=7 AND ITEM=3
DELETE FROM ITEM WHERE INVOICEID=7 AND ITEM=4
DELETE FROM ITEM WHERE INVOICEID=7 AND ITEM=5
DELETE FROM ITEM WHERE INVOICEID=7 AND ITEM=6
DELETE FROM ITEM WHERE INVOICEID=7 AND ITEM=7
DELETE FROM ITEM WHERE INVOICEID=7 AND ITEM=8
DELETE FROM ITEM WHERE INVOICEID=7 AND ITEM=9
DELETE FROM INVOICE WHERE ID=24
DELETE FROM ITEM WHERE INVOICEID=24 AND ITEM=0
DELETE FROM ITEM WHERE INVOICEID=24 AND ITEM=1
DELETE FROM ITEM WHERE INVOICEID=24 AND ITEM=2
DELETE FROM ITEM WHERE INVOICEID=24 AND ITEM=3
DELETE FROM ITEM WHERE INVOICEID=24 AND ITEM=4
DELETE FROM ITEM WHERE INVOICEID=24 AND ITEM=5
DELETE FROM ITEM WHERE INVOICEID=24 AND ITEM=6
DELETE FROM ITEM WHERE INVOICEID=24 AND ITEM=7
DELETE FROM ITEM WHERE INVOICEID=24 AND ITEM=8
DELETE FROM ITEM WHERE INVOICEID=24 AND ITEM=9
DELETE FROM ITEM WHERE INVOICEID=24 AND ITEM=10
DELETE FROM ITEM WHERE INVOICEID=24 AND ITEM=11
DELETE FROM ITEM WHERE INVOICEID=24 AND ITEM=12
DELETE FROM ITEM WHERE INVOICEID=24 AND ITEM=13
DELETE FROM ITEM WHERE INVOICEID=24 AND ITEM=14
DELETE FROM ITEM WHERE INVOICEID=24 AND ITEM=15
DELETE FROM ITEM WHERE INVOICEID=24 AND ITEM=16
DELETE FROM INVOICE WHERE ID=29
DELETE FROM ITEM WHERE INVOICEID=29 AND ITEM=0
DELETE FROM ITEM WHERE INVOICEID=29 AND ITEM=1
DELETE FROM ITEM WHERE INVOICEID=29 AND ITEM=2
DELETE FROM ITEM WHERE INVOICEID=29 AND ITEM=3
DELETE FROM ITEM WHERE INVOICEID=29 AND ITEM=4
DELETE FROM ITEM WHERE INVOICEID=29 AND ITEM=5
DELETE FROM ITEM WHERE INVOICEID=29 AND ITEM=6
DELETE FROM ITEM WHERE INVOICEID=29 AND ITEM=7
DELETE FROM ITEM WHERE INVOICEID=29 AND ITEM=8
DELETE FROM ITEM WHERE INVOICEID=29 AND ITEM=9
DELETE FROM ITEM WHERE INVOICEID=29 AND ITEM=10
DELETE FROM ITEM WHERE INVOICEID=29 AND ITEM=11
DELETE FROM ITEM WHERE INVOICEID=29 AND ITEM=12
DELETE FROM ITEM WHERE INVOICEID=29 AND ITEM=13
DELETE FROM ITEM WHERE INVOICEID=29 AND ITEM=14
DELETE FROM ITEM WHERE INVOICEID=29 AND ITEM=15
DELETE FROM ITEM WHERE INVOICEID=29 AND ITEM=16
DELETE FROM INVOICE WHERE ID=42
DELETE FROM ITEM WHERE INVOICEID=42 AND ITEM=0
DELETE FROM ITEM WHERE INVOICEID=42 AND ITEM=1
DELETE FROM ITEM WHERE INVOICEID=42 AND ITEM=2
DELETE FROM ITEM WHERE INVOICEID=42 AND ITEM=3
DELETE FROM ITEM WHERE INVOICEID=42 AND ITEM=4
DELETE FROM ITEM WHERE INVOICEID=42 AND ITEM=5
DELETE FROM INVOICE WHERE ID=4
DELETE FROM ITEM WHERE INVOICEID=4 AND ITEM=0
DELETE FROM ITEM WHERE INVOICEID=4 AND ITEM=1
DELETE FROM ITEM WHERE INVOICEID=4 AND ITEM=2
DELETE FROM ITEM WHERE INVOICEID=4 AND ITEM=3
DELETE FROM ITEM WHERE INVOICEID=4 AND ITEM=4
DELETE FROM ITEM WHERE INVOICEID=4 AND ITEM=5
DELETE FROM ITEM WHERE INVOICEID=4 AND ITEM=6
DELETE FROM ITEM WHERE INVOICEID=4 AND ITEM=7
DELETE FROM ITEM WHERE INVOICEID=4 AND ITEM=8
DELETE FROM ITEM WHERE INVOICEID=4 AND ITEM=9
DELETE FROM ITEM WHERE INVOICEID=4 AND ITEM=10
DELETE FROM ITEM WHERE INVOICEID=4 AND ITEM=11
DELETE FROM ITEM WHERE INVOICEID=4 AND ITEM=12
DELETE FROM ITEM WHERE INVOICEID=4 AND ITEM=13
DELETE FROM INVOICE WHERE ID=45
DELETE FROM ITEM WHERE INVOICEID=45 AND ITEM=0
DELETE FROM ITEM WHERE INVOICEID=45 AND ITEM=1
DELETE FROM ITEM WHERE INVOICEID=45 AND ITEM=2
DELETE FROM ITEM WHERE INVOICEID=45 AND ITEM=3
DELETE FROM ITEM WHERE INVOICEID=45 AND ITEM=4
DELETE FROM INVOICE WHERE ID=40
DELETE FROM ITEM WHERE INVOICEID=40 AND ITEM=0
DELETE FROM ITEM WHERE INVOICEID=40 AND ITEM=1
DELETE FROM ITEM WHERE INVOICEID=40 AND ITEM=2
DELETE FROM ITEM WHERE INVOICEID=40 AND ITEM=3
DELETE FROM ITEM WHERE INVOICEID=40 AND ITEM=4
DELETE FROM ITEM WHERE INVOICEID=40 AND ITEM=5
DELETE FROM ITEM WHERE INVOICEID=40 AND ITEM=6
DELETE FROM ITEM WHERE INVOICEID=40 AND ITEM=7
DELETE FROM ITEM WHERE INVOICEID=40 AND ITEM=8
DELETE FROM ITEM WHERE INVOICEID=40 AND ITEM=9
DELETE FROM ITEM WHERE INVOICEID=40 AND ITEM=10
DELETE FROM ITEM WHERE INVOICEID=40 AND ITEM=11
DELETE FROM ITEM WHERE INVOICEID=40 AND ITEM=12
DELETE FROM ITEM WHERE INVOICEID=40 AND ITEM=13
DELETE FROM ITEM WHERE INVOICEID=40 AND ITEM=14
DELETE FROM ITEM WHERE INVOICEID=40 AND ITEM=15
DELETE FROM ITEM WHERE INVOICEID=40 AND ITEM=16
DELETE FROM ITEM WHERE INVOICEID=40 AND ITEM=17
DELETE FROM ITEM WHERE INVOICEID=40 AND ITEM=18
DELETE FROM ITEM WHERE INVOICEID=40 AND ITEM=19
DELETE FROM ITEM WHERE INVOICEID=40 AND ITEM=20
DELETE FROM ITEM WHERE INVOICEID=40 AND ITEM=21
DELETE FROM INVOICE WHERE ID=20
DELETE FROM ITEM WHERE INVOICEID=20 AND ITEM=0
DELETE FROM ITEM WHERE INVOICEID=20 AND ITEM=1
DELETE FROM ITEM WHERE INVOICEID=20 AND ITEM=2
DELETE FROM ITEM WHERE INVOICEID=20 AND ITEM=3
DELETE FROM ITEM WHERE INVOICEID=20 AND ITEM=4
DELETE FROM ITEM WHERE INVOICEID=20 AND ITEM=5
DELETE FROM ITEM WHERE INVOICEID=20 AND ITEM=6
DELETE FROM ITEM WHERE INVOICEID=20 AND ITEM=7
DELETE FROM INVOICE WHERE ID=22
DELETE FROM ITEM WHERE INVOICEID=22 AND ITEM=0
DELETE FROM ITEM WHERE INVOICEID=22 AND ITEM=1
DELETE FROM ITEM WHERE INVOICEID=22 AND ITEM=2
DELETE FROM ITEM WHERE INVOICEID=22 AND ITEM=3
DELETE FROM ITEM WHERE INVOICEID=22 AND ITEM=4
DELETE FROM ITEM WHERE INVOICEID=22 AND ITEM=5
DELETE FROM ITEM WHERE INVOICEID=22 AND ITEM=6
DELETE FROM ITEM WHERE INVOICEID=22 AND ITEM=7
DELETE FROM ITEM WHERE INVOICEID=22 AND ITEM=8
DELETE FROM ITEM WHERE INVOICEID=22 AND ITEM=9
DELETE FROM ITEM WHERE INVOICEID=22 AND ITEM=10
DELETE FROM ITEM WHERE INVOICEID=22 AND ITEM=11
DELETE FROM ITEM WHERE INVOICEID=22 AND ITEM=12
DELETE FROM ITEM WHERE INVOICEID=22 AND ITEM=13
DELETE FROM ITEM WHERE INVOICEID=22 AND ITEM=14
DELETE FROM ITEM WHERE INVOICEID=22 AND ITEM=15
DELETE FROM ITEM WHERE INVOICEID=22 AND ITEM=16
DELETE FROM INVOICE WHERE ID=41
DELETE FROM ITEM WHERE INVOICEID=41 AND ITEM=0
DELETE FROM ITEM WHERE INVOICEID=41 AND ITEM=1
DELETE FROM ITEM WHERE INVOICEID=41 AND ITEM=2
DELETE FROM ITEM WHERE INVOICEID=41 AND ITEM=3
DELETE FROM ITEM WHERE INVOICEID=41 AND ITEM=4
DELETE FROM ITEM WHERE INVOICEID=41 AND ITEM=5
DELETE FROM ITEM WHERE INVOICEID=41 AND ITEM=6
DELETE FROM ITEM WHERE INVOICEID=41 AND ITEM=7
DELETE FROM ITEM WHERE INVOICEID=41 AND ITEM=8
DELETE FROM ITEM WHERE INVOICEID=41 AND ITEM=9
DELETE FROM ITEM WHERE INVOICEID=41 AND ITEM=10
DELETE FROM ITEM WHERE INVOICEID=41 AND ITEM=11
DELETE FROM ITEM WHERE INVOICEID=41 AND ITEM=12
DELETE FROM ITEM WHERE INVOICEID=41 AND ITEM=13
DELETE FROM ITEM WHERE INVOICEID=41 AND ITEM=14
DELETE FROM ITEM WHERE INVOICEID=41 AND ITEM=15
DELETE FROM ITEM WHERE INVOICEID=41 AND ITEM=16
DELETE FROM INVOICE WHERE ID=34
DELETE FROM ITEM WHERE INVOICEID=34 AND ITEM=0
DELETE FROM ITEM WHERE INVOICEID=34 AND ITEM=1
DELETE FROM ITEM WHERE INVOICEID=34 AND ITEM=2
DELETE FROM ITEM WHERE INVOICEID=34 AND ITEM=3
DELETE FROM ITEM WHERE INVOICEID=34 AND ITEM=4
DELETE FROM ITEM WHERE INVOICEID=34 AND ITEM=5
DELETE FROM ITEM WHERE INVOICEID=34 AND ITEM=6
DELETE FROM ITEM WHERE INVOICEID=34 AND ITEM=7
DELETE FROM ITEM WHERE INVOICEID=34 AND ITEM=8
DELETE FROM ITEM WHERE INVOICEID=34 AND ITEM=9
DELETE FROM ITEM WHERE INVOICEID=34 AND ITEM=10
DELETE FROM ITEM WHERE INVOICEID=34 AND ITEM=11
DELETE FROM ITEM WHERE INVOICEID=34 AND ITEM=12
DELETE FROM ITEM WHERE INVOICEID=34 AND ITEM=13
DELETE FROM ITEM WHERE INVOICEID=34 AND ITEM=14
DELETE FROM ITEM WHERE INVOICEID=34 AND ITEM=15
DELETE FROM ITEM WHERE INVOICEID=34 AND ITEM=16
DELETE FROM ITEM WHERE INVOICEID=34 AND ITEM=17
DELETE FROM ITEM WHERE INVOICEID=34 AND ITEM=18
DELETE FROM ITEM WHERE INVOICEID=34 AND ITEM=19
COMMIT
/*C171*/SET SCHEMA PUBLIC
DISCONNECT
/*C172*/SET SCHEMA PUBLIC
DISCONNECT
/*C173*/SET SCHEMA PUBLIC
DISCONNECT
/*C174*/SET SCHEMA PUBLIC
DISCONNECT
/*C175*/SET SCHEMA PUBLIC
DISCONNECT
/*C176*/SET SCHEMA PUBLIC
DISCONNECT
/*C177*/SET SCHEMA PUBLIC
DISCONNECT
/*C178*/SET SCHEMA PUBLIC
DISCONNECT
/*C179*/SET SCHEMA PUBLIC
DISCONNECT
/*C180*/SET SCHEMA PUBLIC
DISCONNECT
/*C181*/SET SCHEMA PUBLIC
DISCONNECT
/*C182*/SET SCHEMA PUBLIC
INSERT INTO CUSTOMER VALUES(1050,'ilya','kazakevich','luchiny','my city')
COMMIT
DISCONNECT
/*C183*/SET SCHEMA PUBLIC
DISCONNECT
/*C184*/SET SCHEMA PUBLIC
DISCONNECT
/*C185*/SET SCHEMA PUBLIC
DISCONNECT
/*C186*/SET SCHEMA PUBLIC
DISCONNECT
/*C187*/SET SCHEMA PUBLIC
INSERT INTO CUSTOMER VALUES(1051,'ilya','kazakevich','luchiny','my city2')
COMMIT
DISCONNECT
/*C188*/SET SCHEMA PUBLIC
DISCONNECT
